<?xml version="1.0" encoding="UTF-8"?>
<testng-results ignored="0" total="3" passed="3" failed="0" skipped="0">
  <reporter-output>
  </reporter-output>
  <suite started-at="2026-07-21T11:48:43 IST" name="Default suite" finished-at="2026-07-21T11:49:03 IST" duration-ms="19950">
    <groups>
    </groups>
    <test started-at="2026-07-21T11:48:43 IST" name="Default test" finished-at="2026-07-21T11:49:03 IST" duration-ms="19950">
      <class name="jenkinCICDDemoTest.JenkinsCICDTest">
        <test-method signature="NavigateDemo()[pri:0, instance:jenkinCICDDemoTest.JenkinsCICDTest@6f15d60e]" started-at="2026-07-21T11:48:43 IST" name="NavigateDemo" finished-at="2026-07-21T11:48:47 IST" duration-ms="4674" status="PASS">
          <reporter-output>
          </reporter-output>
        </test-method> <!-- NavigateDemo -->
        <test-method signature="NavigateBackDemo()[pri:1, instance:jenkinCICDDemoTest.JenkinsCICDTest@6f15d60e]" started-at="2026-07-21T11:48:48 IST" name="NavigateBackDemo" finished-at="2026-07-21T11:48:59 IST" duration-ms="11041" status="PASS">
          <reporter-output>
          </reporter-output>
        </test-method> <!-- NavigateBackDemo -->
        <test-method signature="RefreshMethod()[pri:2, instance:jenkinCICDDemoTest.JenkinsCICDTest@6f15d60e]" started-at="2026-07-21T11:48:59 IST" name="RefreshMethod" finished-at="2026-07-21T11:49:03 IST" duration-ms="4112" status="PASS">
          <reporter-output>
          </reporter-output>
        </test-method> <!-- RefreshMethod -->
      </class> <!-- jenkinCICDDemoTest.JenkinsCICDTest -->
    </test> <!-- Default test -->
  </suite> <!-- Default suite -->
</testng-results>
