<?xml version="1.0" encoding="UTF-8"?>
<testng-results ignored="0" total="1" passed="1" failed="0" skipped="0">
  <reporter-output>
  </reporter-output>
  <suite started-at="2026-07-18T10:14:46 IST" name="Default suite" finished-at="2026-07-18T10:15:16 IST" duration-ms="29897">
    <groups>
    </groups>
    <test started-at="2026-07-18T10:14:46 IST" name="Default test" finished-at="2026-07-18T10:15:16 IST" duration-ms="29897">
      <class name="MouseOverMoments.MouseOverMoments">
        <test-method signature="mouseover()[pri:0, instance:MouseOverMoments.MouseOverMoments@4135c3b]" started-at="2026-07-18T10:14:46 IST" name="mouseover" finished-at="2026-07-18T10:15:16 IST" duration-ms="29836" status="PASS">
          <reporter-output>
          </reporter-output>
        </test-method> <!-- mouseover -->
      </class> <!-- MouseOverMoments.MouseOverMoments -->
    </test> <!-- Default test -->
  </suite> <!-- Default suite -->
</testng-results>
