<?xml version="1.0" encoding="UTF-8"?>
<testng-results ignored="0" total="1" passed="1" failed="0" skipped="0">
  <reporter-output>
  </reporter-output>
  <suite started-at="2026-07-17T16:07:56 IST" name="Default suite" finished-at="2026-07-17T16:08:16 IST" duration-ms="20297">
    <groups>
    </groups>
    <test started-at="2026-07-17T16:07:56 IST" name="Default test" finished-at="2026-07-17T16:08:16 IST" duration-ms="20297">
      <class name="Scroll.Scroll">
        <test-method signature="Test()[pri:0, instance:Scroll.Scroll@4135c3b]" started-at="2026-07-17T16:07:56 IST" name="Test" finished-at="2026-07-17T16:08:16 IST" duration-ms="20235" status="PASS">
          <reporter-output>
          </reporter-output>
        </test-method> <!-- Test -->
      </class> <!-- Scroll.Scroll -->
    </test> <!-- Default test -->
  </suite> <!-- Default suite -->
</testng-results>
