<?xml version="1.0" encoding="UTF-8"?>
<testng-results ignored="0" total="1" passed="1" failed="0" skipped="0">
  <reporter-output>
  </reporter-output>
  <suite started-at="2026-07-17T16:07:36 IST" name="Default suite" finished-at="2026-07-17T16:07:58 IST" duration-ms="21900">
    <groups>
    </groups>
    <test started-at="2026-07-17T16:07:36 IST" name="Default test" finished-at="2026-07-17T16:07:58 IST" duration-ms="21900">
      <class name="com.SeleniumWebDriver.Actions.TestScrollUpandDown">
        <test-method signature="Test()[pri:0, instance:com.SeleniumWebDriver.Actions.TestScrollUpandDown@49ec71f8]" started-at="2026-07-17T16:07:36 IST" name="Test" finished-at="2026-07-17T16:07:58 IST" duration-ms="21864" status="PASS">
          <reporter-output>
          </reporter-output>
        </test-method> <!-- Test -->
      </class> <!-- com.SeleniumWebDriver.Actions.TestScrollUpandDown -->
    </test> <!-- Default test -->
  </suite> <!-- Default suite -->
</testng-results>
