<?xml version="1.0" encoding="UTF-8"?>
<testng-results ignored="0" total="1" passed="1" failed="0" skipped="0">
  <reporter-output>
  </reporter-output>
  <suite started-at="2026-07-15T16:10:28 IST" name="Default suite" finished-at="2026-07-15T16:10:49 IST" duration-ms="20977">
    <groups>
    </groups>
    <test started-at="2026-07-15T16:10:28 IST" name="Default test" finished-at="2026-07-15T16:10:49 IST" duration-ms="20977">
      <class name="com.SeleniumWebDriver.LocatorsDemo.LocatorClassNameTest">
        <test-method signature="classTest()[pri:0, instance:com.SeleniumWebDriver.LocatorsDemo.LocatorClassNameTest@49ec71f8]" started-at="2026-07-15T16:10:28 IST" name="classTest" finished-at="2026-07-15T16:10:49 IST" duration-ms="20949" status="PASS">
          <reporter-output>
          </reporter-output>
        </test-method> <!-- classTest -->
      </class> <!-- com.SeleniumWebDriver.LocatorsDemo.LocatorClassNameTest -->
    </test> <!-- Default test -->
  </suite> <!-- Default suite -->
</testng-results>
