<?xml version="1.0" encoding="UTF-8"?>
<testng-results ignored="0" total="1" passed="1" failed="0" skipped="0">
  <reporter-output>
  </reporter-output>
  <suite started-at="2026-07-18T10:19:05 IST" name="Default suite" finished-at="2026-07-18T10:19:27 IST" duration-ms="22294">
    <groups>
    </groups>
    <test started-at="2026-07-18T10:19:05 IST" name="Default test" finished-at="2026-07-18T10:19:27 IST" duration-ms="22294">
      <class name="com.SeleniumWebDriver.Actions.MouseOverMoments">
        <test-method signature="mouseover()[pri:0, instance:com.SeleniumWebDriver.Actions.MouseOverMoments@49ec71f8]" started-at="2026-07-18T10:19:05 IST" name="mouseover" finished-at="2026-07-18T10:19:27 IST" duration-ms="22276" status="PASS">
          <reporter-output>
          </reporter-output>
        </test-method> <!-- mouseover -->
      </class> <!-- com.SeleniumWebDriver.Actions.MouseOverMoments -->
    </test> <!-- Default test -->
  </suite> <!-- Default suite -->
</testng-results>
