<?xml version="1.0" encoding="UTF-8"?>
<testng-results ignored="0" total="1" passed="1" failed="0" skipped="0">
  <reporter-output>
  </reporter-output>
  <suite started-at="2026-07-27T11:25:06 IST" name="Default suite" finished-at="2026-07-27T11:25:07 IST" duration-ms="1102">
    <groups>
    </groups>
    <test started-at="2026-07-27T11:25:06 IST" name="Default test" finished-at="2026-07-27T11:25:07 IST" duration-ms="1102">
      <class name="com.RestAssuredPost.POST">
        <test-method is-config="true" signature="setup()[pri:0, instance:com.RestAssuredPost.POST@3349e9bb]" started-at="2026-07-27T11:25:06 IST" name="setup" finished-at="2026-07-27T11:25:07 IST" duration-ms="164" status="PASS">
          <reporter-output>
          </reporter-output>
        </test-method> <!-- setup -->
        <test-method signature="testPostRequestComplete()[pri:1, instance:com.RestAssuredPost.POST@3349e9bb]" started-at="2026-07-27T11:25:07 IST" name="testPostRequestComplete" finished-at="2026-07-27T11:25:07 IST" duration-ms="923" status="PASS">
          <reporter-output>
          </reporter-output>
        </test-method> <!-- testPostRequestComplete -->
      </class> <!-- com.RestAssuredPost.POST -->
    </test> <!-- Default test -->
  </suite> <!-- Default suite -->
</testng-results>
