<?xml version="1.0" encoding="UTF-8"?>
<testng-results ignored="0" total="1" passed="1" failed="0" skipped="0">
  <reporter-output>
  </reporter-output>
  <suite started-at="2026-07-18T12:11:46 IST" name="Default suite" finished-at="2026-07-18T12:12:23 IST" duration-ms="37600">
    <groups>
    </groups>
    <test started-at="2026-07-18T12:11:46 IST" name="Default test" finished-at="2026-07-18T12:12:23 IST" duration-ms="37600">
      <class name="com.ReusableScreenshotCode.ReusabilityTest">
        <test-method signature="Browser()[pri:0, instance:com.ReusableScreenshotCode.ReusabilityTest@36902638]" started-at="2026-07-18T12:11:46 IST" name="Browser" finished-at="2026-07-18T12:12:23 IST" duration-ms="37566" status="PASS">
          <reporter-output>
          </reporter-output>
        </test-method> <!-- Browser -->
      </class> <!-- com.ReusableScreenshotCode.ReusabilityTest -->
    </test> <!-- Default test -->
  </suite> <!-- Default suite -->
</testng-results>
