<?xml version="1.0" encoding="UTF-8"?>
<!-- Generated by org.testng.reporters.JUnitReportReporter -->
<testsuite hostname="HardikGalaxyBookPro" failures="0" tests="3" name="com.jenkinCICDDemoTest.JenkinsCICDTest" time="23.815" errors="0" timestamp="2026-07-20T16:59:52 IST" skipped="0">
  <testcase classname="com.jenkinCICDDemoTest.JenkinsCICDTest" name="NavigateDemo" time="12.339"/>
  <testcase classname="com.jenkinCICDDemoTest.JenkinsCICDTest" name="NavigateBackDemo" time="7.846"/>
  <testcase classname="com.jenkinCICDDemoTest.JenkinsCICDTest" name="RefreshMethod" time="3.630"/>
</testsuite> <!-- com.jenkinCICDDemoTest.JenkinsCICDTest -->
