<?xml version="1.0" encoding="UTF-8"?>
<!-- Generated by org.testng.reporters.JUnitReportReporter -->
<testsuite hostname="HardikGalaxyBookPro" failures="0" tests="3" name="jenkinCICDDemoTest.JenkinsCICDTest" time="19.827" errors="0" timestamp="2026-07-21T11:49:03 IST" skipped="0">
  <testcase classname="jenkinCICDDemoTest.JenkinsCICDTest" name="NavigateDemo" time="4.674"/>
  <testcase classname="jenkinCICDDemoTest.JenkinsCICDTest" name="NavigateBackDemo" time="11.041"/>
  <testcase classname="jenkinCICDDemoTest.JenkinsCICDTest" name="RefreshMethod" time="4.112"/>
</testsuite> <!-- jenkinCICDDemoTest.JenkinsCICDTest -->
