<?xml version="1.0" encoding="UTF-8"?>
<testng-results ignored="0" total="3" passed="3" failed="0" skipped="0">
  <reporter-output>
  </reporter-output>
  <suite started-at="2026-07-14T16:30:42 IST" name="Default suite" finished-at="2026-07-14T16:31:00 IST" duration-ms="17791">
    <groups>
    </groups>
    <test started-at="2026-07-14T16:30:42 IST" name="Default test" finished-at="2026-07-14T16:31:00 IST" duration-ms="17791">
      <class name="webdriver.commands.Browsercommands">
        <test-method signature="ChromeBrowserTest()[pri:0, instance:webdriver.commands.Browsercommands@6302bbb1]" started-at="2026-07-14T16:30:42 IST" name="ChromeBrowserTest" finished-at="2026-07-14T16:30:46 IST" duration-ms="4047" status="PASS">
          <reporter-output>
          </reporter-output>
        </test-method> <!-- ChromeBrowserTest -->
        <test-method signature="EdgeBrowserTest()[pri:1, instance:webdriver.commands.Browsercommands@6302bbb1]" started-at="2026-07-14T16:30:46 IST" name="EdgeBrowserTest" finished-at="2026-07-14T16:30:54 IST" duration-ms="7613" status="PASS">
          <reporter-output>
          </reporter-output>
        </test-method> <!-- EdgeBrowserTest -->
        <test-method signature="FirefoxBrowserTest()[pri:2, instance:webdriver.commands.Browsercommands@6302bbb1]" started-at="2026-07-14T16:30:54 IST" name="FirefoxBrowserTest" finished-at="2026-07-14T16:31:00 IST" duration-ms="6085" status="PASS">
          <reporter-output>
          </reporter-output>
        </test-method> <!-- FirefoxBrowserTest -->
      </class> <!-- webdriver.commands.Browsercommands -->
    </test> <!-- Default test -->
  </suite> <!-- Default suite -->
</testng-results>
