<?xml version="1.0" encoding="UTF-8"?>
<testng-results ignored="0" total="1" passed="1" failed="0" skipped="0">
  <reporter-output>
  </reporter-output>
  <suite started-at="2026-07-17T15:08:35 IST" name="Default suite" finished-at="2026-07-17T15:08:45 IST" duration-ms="9582">
    <groups>
    </groups>
    <test started-at="2026-07-17T15:08:35 IST" name="Default test" finished-at="2026-07-17T15:08:45 IST" duration-ms="9582">
      <class name="RadioButtonTest.Action">
        <test-method signature="SpiceJet()[pri:0, instance:RadioButtonTest.Action@4135c3b]" started-at="2026-07-17T15:08:35 IST" name="SpiceJet" finished-at="2026-07-17T15:08:45 IST" duration-ms="9547" status="PASS">
          <reporter-output>
          </reporter-output>
        </test-method> <!-- SpiceJet -->
      </class> <!-- RadioButtonTest.Action -->
    </test> <!-- Default test -->
  </suite> <!-- Default suite -->
</testng-results>
