<?xml version="1.0" encoding="UTF-8"?>
<testng-results ignored="0" total="1" passed="1" failed="0" skipped="0">
  <reporter-output>
  </reporter-output>
  <suite started-at="2026-07-15T10:08:23 IST" name="Default suite" finished-at="2026-07-15T10:09:57 IST" duration-ms="93966">
    <groups>
    </groups>
    <test started-at="2026-07-15T10:08:23 IST" name="Default test" finished-at="2026-07-15T10:09:57 IST" duration-ms="93966">
      <class name="com.NavigationCommand.Example.navigation_demo">
        <test-method signature="navigate()[pri:0, instance:com.NavigationCommand.Example.navigation_demo@10e31a9a]" started-at="2026-07-15T10:08:23 IST" name="navigate" finished-at="2026-07-15T10:09:57 IST" duration-ms="93896" status="PASS">
          <reporter-output>
          </reporter-output>
        </test-method> <!-- navigate -->
      </class> <!-- com.NavigationCommand.Example.navigation_demo -->
    </test> <!-- Default test -->
  </suite> <!-- Default suite -->
</testng-results>
