<?xml version="1.0" encoding="UTF-8"?>
<!-- Generated by org.testng.reporters.JUnitXMLReporter -->
<testsuite ignored="0" hostname="DESKTOP-TFU9VN7" failures="0" tests="3" name="Default test" time="17.791" errors="0" timestamp="2026-07-14T16:31:00 IST">
  <testcase classname="webdriver.commands.Browsercommands" name="ChromeBrowserTest" time="4.047"/>
  <testcase classname="webdriver.commands.Browsercommands" name="EdgeBrowserTest" time="7.613"/>
  <testcase classname="webdriver.commands.Browsercommands" name="FirefoxBrowserTest" time="6.085"/>
</testsuite> <!-- Default test -->
