<?xml version="1.0" encoding="UTF-8"?>
<testng-results ignored="0" total="1" passed="1" failed="0" skipped="0">
  <reporter-output>
  </reporter-output>
  <suite started-at="2026-07-17T14:34:43 IST" name="Default suite" finished-at="2026-07-17T14:36:16 IST" duration-ms="93408">
    <groups>
    </groups>
    <test started-at="2026-07-17T14:34:43 IST" name="Default test" finished-at="2026-07-17T14:36:16 IST" duration-ms="93408">
      <class name="CSVFile.CSVFile">
        <test-method is-config="true" signature="setup()[pri:0, instance:CSVFile.CSVFile@45752059]" started-at="2026-07-17T14:34:43 IST" name="setup" finished-at="2026-07-17T14:34:47 IST" duration-ms="4646" status="PASS">
          <reporter-output>
          </reporter-output>
        </test-method> <!-- setup -->
        <test-method signature="DDDTestingBlog()[pri:0, instance:CSVFile.CSVFile@45752059]" started-at="2026-07-17T14:34:48 IST" name="DDDTestingBlog" finished-at="2026-07-17T14:36:16 IST" duration-ms="88454" status="PASS">
          <reporter-output>
          </reporter-output>
        </test-method> <!-- DDDTestingBlog -->
        <test-method is-config="true" signature="tearDown()[pri:0, instance:CSVFile.CSVFile@45752059]" started-at="2026-07-17T14:36:16 IST" name="tearDown" finished-at="2026-07-17T14:36:16 IST" duration-ms="244" status="PASS">
          <reporter-output>
          </reporter-output>
        </test-method> <!-- tearDown -->
      </class> <!-- CSVFile.CSVFile -->
    </test> <!-- Default test -->
  </suite> <!-- Default suite -->
</testng-results>
