<?xml version="1.0" encoding="UTF-8"?>
<testng-results ignored="0" total="1" passed="1" failed="0" skipped="0">
  <reporter-output>
  </reporter-output>
  <suite started-at="2026-07-19T23:35:46 IST" name="Default suite" finished-at="2026-07-19T23:35:46 IST" duration-ms="18">
    <groups>
    </groups>
    <test started-at="2026-07-19T23:35:46 IST" name="Default test" finished-at="2026-07-19T23:35:46 IST" duration-ms="18">
      <class name="ParameterizationUsingCSVFile.CSVRegistration">
        <test-method signature="RegisterUser()[pri:0, instance:ParameterizationUsingCSVFile.CSVRegistration@564fabc8]" started-at="2026-07-19T23:35:46 IST" name="RegisterUser" finished-at="2026-07-19T23:35:46 IST" duration-ms="5" status="PASS">
          <reporter-output>
          </reporter-output>
        </test-method> <!-- RegisterUser -->
      </class> <!-- ParameterizationUsingCSVFile.CSVRegistration -->
    </test> <!-- Default test -->
  </suite> <!-- Default suite -->
</testng-results>
