<?xml version="1.0" encoding="UTF-8"?>
<testng-results ignored="0" total="3" passed="3" failed="0" skipped="0">
  <reporter-output>
  </reporter-output>
  <suite started-at="2026-07-15T12:09:50 IST" name="Browser Navigation Suite" finished-at="2026-07-15T12:10:31 IST" duration-ms="41722">
    <groups>
    </groups>
    <test started-at="2026-07-15T12:09:50 IST" name="Firefox Test" finished-at="2026-07-15T12:10:19 IST" duration-ms="29859">
      <class name="com.NavigationCommand.Example.Browser_navigation_test">
        <test-method is-config="true" signature="setup(java.lang.String)[pri:0, instance:com.NavigationCommand.Example.Browser_navigation_test@7586beff]" started-at="2026-07-15T12:09:50 IST" name="setup" finished-at="2026-07-15T12:09:59 IST" duration-ms="8890" status="PASS">
          <params>
            <param index="0">
              <value>
                <![CDATA[FireFox]]>
              </value>
            </param>
          </params>
          <reporter-output>
          </reporter-output>
        </test-method> <!-- setup -->
        <test-method signature="navigationTest()[pri:0, instance:com.NavigationCommand.Example.Browser_navigation_test@7586beff]" started-at="2026-07-15T12:09:59 IST" name="navigationTest" finished-at="2026-07-15T12:10:18 IST" duration-ms="19771" status="PASS">
          <reporter-output>
          </reporter-output>
        </test-method> <!-- navigationTest -->
        <test-method is-config="true" signature="teardown()[pri:0, instance:com.NavigationCommand.Example.Browser_navigation_test@7586beff]" started-at="2026-07-15T12:10:18 IST" name="teardown" finished-at="2026-07-15T12:10:19 IST" duration-ms="976" status="PASS">
          <reporter-output>
          </reporter-output>
        </test-method> <!-- teardown -->
      </class> <!-- com.NavigationCommand.Example.Browser_navigation_test -->
    </test> <!-- Firefox Test -->
    <test started-at="2026-07-15T12:09:50 IST" name="Edge Test" finished-at="2026-07-15T12:10:31 IST" duration-ms="41658">
      <class name="com.NavigationCommand.Example.Browser_navigation_test">
        <test-method is-config="true" signature="setup(java.lang.String)[pri:0, instance:com.NavigationCommand.Example.Browser_navigation_test@815b41f]" started-at="2026-07-15T12:09:50 IST" name="setup" finished-at="2026-07-15T12:10:02 IST" duration-ms="12497" status="PASS">
          <params>
            <param index="0">
              <value>
                <![CDATA[Edge]]>
              </value>
            </param>
          </params>
          <reporter-output>
          </reporter-output>
        </test-method> <!-- setup -->
        <test-method signature="navigationTest()[pri:0, instance:com.NavigationCommand.Example.Browser_navigation_test@815b41f]" started-at="2026-07-15T12:10:02 IST" name="navigationTest" finished-at="2026-07-15T12:10:24 IST" duration-ms="21383" status="PASS">
          <reporter-output>
          </reporter-output>
        </test-method> <!-- navigationTest -->
        <test-method is-config="true" signature="teardown()[pri:0, instance:com.NavigationCommand.Example.Browser_navigation_test@815b41f]" started-at="2026-07-15T12:10:24 IST" name="teardown" finished-at="2026-07-15T12:10:31 IST" duration-ms="7618" status="PASS">
          <reporter-output>
          </reporter-output>
        </test-method> <!-- teardown -->
      </class> <!-- com.NavigationCommand.Example.Browser_navigation_test -->
    </test> <!-- Edge Test -->
    <test started-at="2026-07-15T12:09:50 IST" name="Chrome Test" finished-at="2026-07-15T12:10:31 IST" duration-ms="41720">
      <class name="com.NavigationCommand.Example.Browser_navigation_test">
        <test-method is-config="true" signature="setup(java.lang.String)[pri:0, instance:com.NavigationCommand.Example.Browser_navigation_test@6adbc9d]" started-at="2026-07-15T12:09:50 IST" name="setup" finished-at="2026-07-15T12:10:01 IST" duration-ms="11643" status="PASS">
          <params>
            <param index="0">
              <value>
                <![CDATA[Chrome]]>
              </value>
            </param>
          </params>
          <reporter-output>
          </reporter-output>
        </test-method> <!-- setup -->
        <test-method signature="navigationTest()[pri:0, instance:com.NavigationCommand.Example.Browser_navigation_test@6adbc9d]" started-at="2026-07-15T12:10:01 IST" name="navigationTest" finished-at="2026-07-15T12:10:25 IST" duration-ms="23792" status="PASS">
          <reporter-output>
          </reporter-output>
        </test-method> <!-- navigationTest -->
        <test-method is-config="true" signature="teardown()[pri:0, instance:com.NavigationCommand.Example.Browser_navigation_test@6adbc9d]" started-at="2026-07-15T12:10:25 IST" name="teardown" finished-at="2026-07-15T12:10:31 IST" duration-ms="6131" status="PASS">
          <reporter-output>
          </reporter-output>
        </test-method> <!-- teardown -->
      </class> <!-- com.NavigationCommand.Example.Browser_navigation_test -->
    </test> <!-- Chrome Test -->
  </suite> <!-- Browser Navigation Suite -->
</testng-results>
